# JRE version: OpenJDK Runtime Environment (21.0.3) (build 21.0.3+-12282718-b509.11)
# Java VM: OpenJDK 64-Bit Server VM (21.0.3+-12282718-b509.11, mixed mode, tiered, compressed oops, compressed class ptrs, g1 gc, windows-amd64)
GC Precious Log:
 CardTable entry size: 512
 Card Set container configuration: InlinePtr #cards 5 size 8 Array Of Cards #cards 12 size 40 Howl #buckets 4 coarsen threshold 1843 Howl Bitmap #cards 512 size 80 coarsen threshold 460 Card regions per heap region 1 cards per card region 2048
 CPUs: 8 total, 8 available
 Memory: 7834M
 Large Page Support: Disabled
 NUMA Support: Disabled
 Compressed Oops: Enabled (32-bit)
 Heap Region Size: 1M
 Heap Min Capacity: 8M
 Heap Initial Capacity: 124M
 Heap Max Capacity: 2G
 Pre-touch: Disabled
 Parallel Workers: 8
 Concurrent Workers: 2
 Concurrent Refinement Workers: 8
 Periodic GC: Disabled
Heap:
 garbage-first heap   total 273408K, used 139994K [0x0000000080000000, 0x0000000100000000)
  region size 1024K, 13 young (13312K), 13 survivors (13312K)
 Metaspace       used 125416K, committed 127616K, reserved 1179648K
  class space    used 16870K, committed 17984K, reserved 1048576K
GC Heap History (20 events):
Event: 10.442 GC heap after
{Heap after GC invocations=32 (full 0):
 garbage-first heap   total 181248K, used 96357K [0x0000000080000000, 0x0000000100000000)
  region size 1024K, 4 young (4096K), 4 survivors (4096K)
 Metaspace       used 98498K, committed 100544K, reserved 1179648K
  class space    used 13620K, committed 14656K, reserved 1048576K
}
Event: 10.837 GC heap before
{Heap before GC invocations=33 (full 0):
 garbage-first heap   total 193536K, used 169061K [0x0000000080000000, 0x0000000100000000)
  region size 1024K, 71 young (72704K), 4 survivors (4096K)
 Metaspace       used 100136K, committed 102272K, reserved 1179648K
  class space    used 13795K, committed 14848K, reserved 1048576K
}
Event: 10.841 GC heap after
{Heap after GC invocations=34 (full 0):
 garbage-first heap   total 193536K, used 98249K [0x0000000080000000, 0x0000000100000000)
  region size 1024K, 6 young (6144K), 6 survivors (6144K)
 Metaspace       used 100136K, committed 102272K, reserved 1179648K
  class space    used 13795K, committed 14848K, reserved 1048576K
}
Event: 11.588 GC heap before
{Heap before GC invocations=34 (full 0):
 garbage-first heap   total 193536K, used 185289K [0x0000000080000000, 0x0000000100000000)
  region size 1024K, 82 young (83968K), 6 survivors (6144K)
 Metaspace       used 102723K, committed 104768K, reserved 1179648K
  class space    used 14069K, committed 15104K, reserved 1048576K
}
Event: 11.606 GC heap after
{Heap after GC invocations=35 (full 0):
 garbage-first heap   total 218112K, used 122880K [0x0000000080000000, 0x0000000100000000)
  region size 1024K, 11 young (11264K), 11 survivors (11264K)
 Metaspace       used 102723K, committed 104768K, reserved 1179648K
  class space    used 14069K, committed 15104K, reserved 1048576K
}
Event: 11.849 GC heap before
{Heap before GC invocations=35 (full 0):
 garbage-first heap   total 218112K, used 164864K [0x0000000080000000, 0x0000000100000000)
  region size 1024K, 54 young (55296K), 11 survivors (11264K)
 Metaspace       used 102840K, committed 104960K, reserved 1179648K
  class space    used 14081K, committed 15104K, reserved 1048576K
}
Event: 11.859 GC heap after
{Heap after GC invocations=36 (full 0):
 garbage-first heap   total 218112K, used 132823K [0x0000000080000000, 0x0000000100000000)
  region size 1024K, 9 young (9216K), 9 survivors (9216K)
 Metaspace       used 102840K, committed 104960K, reserved 1179648K
  class space    used 14081K, committed 15104K, reserved 1048576K
}
Event: 12.388 GC heap before
{Heap before GC invocations=37 (full 0):
 garbage-first heap   total 273408K, used 208599K [0x0000000080000000, 0x0000000100000000)
  region size 1024K, 59 young (60416K), 9 survivors (9216K)
 Metaspace       used 105534K, committed 107712K, reserved 1179648K
  class space    used 14330K, committed 15424K, reserved 1048576K
}
Event: 12.399 GC heap after
{Heap after GC invocations=38 (full 0):
 garbage-first heap   total 273408K, used 140142K [0x0000000080000000, 0x0000000100000000)
  region size 1024K, 7 young (7168K), 7 survivors (7168K)
 Metaspace       used 105534K, committed 107712K, reserved 1179648K
  class space    used 14330K, committed 15424K, reserved 1048576K
}
Event: 12.895 GC heap before
{Heap before GC invocations=38 (full 0):
 garbage-first heap   total 273408K, used 232302K [0x0000000080000000, 0x0000000100000000)
  region size 1024K, 98 young (100352K), 7 survivors (7168K)
 Metaspace       used 108645K, committed 110848K, reserved 1179648K
  class space    used 14636K, committed 15744K, reserved 1048576K
}
Event: 12.903 GC heap after
{Heap after GC invocations=39 (full 0):
 garbage-first heap   total 273408K, used 138761K [0x0000000080000000, 0x0000000100000000)
  region size 1024K, 6 young (6144K), 6 survivors (6144K)
 Metaspace       used 108645K, committed 110848K, reserved 1179648K
  class space    used 14636K, committed 15744K, reserved 1048576K
}
Event: 14.453 GC heap before
{Heap before GC invocations=39 (full 0):
 garbage-first heap   total 273408K, used 239113K [0x0000000080000000, 0x0000000100000000)
  region size 1024K, 105 young (107520K), 6 survivors (6144K)
 Metaspace       used 110636K, committed 112832K, reserved 1179648K
  class space    used 14862K, committed 15936K, reserved 1048576K
}
Event: 14.463 GC heap after
{Heap after GC invocations=40 (full 0):
 garbage-first heap   total 273408K, used 142581K [0x0000000080000000, 0x0000000100000000)
  region size 1024K, 11 young (11264K), 11 survivors (11264K)
 Metaspace       used 110636K, committed 112832K, reserved 1179648K
  class space    used 14862K, committed 15936K, reserved 1048576K
}
Event: 14.783 GC heap before
{Heap before GC invocations=40 (full 0):
 garbage-first heap   total 273408K, used 240885K [0x0000000080000000, 0x0000000100000000)
  region size 1024K, 108 young (110592K), 11 survivors (11264K)
 Metaspace       used 112256K, committed 114496K, reserved 1179648K
  class space    used 15084K, committed 16192K, reserved 1048576K
}
Event: 14.793 GC heap after
{Heap after GC invocations=41 (full 0):
 garbage-first heap   total 273408K, used 145359K [0x0000000080000000, 0x0000000100000000)
  region size 1024K, 6 young (6144K), 6 survivors (6144K)
 Metaspace       used 112256K, committed 114496K, reserved 1179648K
  class space    used 15084K, committed 16192K, reserved 1048576K
}
Event: 17.153 GC heap before
{Heap before GC invocations=41 (full 0):
 garbage-first heap   total 273408K, used 244687K [0x0000000080000000, 0x0000000100000000)
  region size 1024K, 104 young (106496K), 6 survivors (6144K)
 Metaspace       used 115201K, committed 117312K, reserved 1179648K
  class space    used 15447K, committed 16512K, reserved 1048576K
}
Event: 17.162 GC heap after
{Heap after GC invocations=42 (full 0):
 garbage-first heap   total 273408K, used 151861K [0x0000000080000000, 0x0000000100000000)
  region size 1024K, 12 young (12288K), 12 survivors (12288K)
 Metaspace       used 115201K, committed 117312K, reserved 1179648K
  class space    used 15447K, committed 16512K, reserved 1048576K
}
Event: 17.653 GC heap before
{Heap before GC invocations=43 (full 0):
 garbage-first heap   total 273408K, used 225589K [0x0000000080000000, 0x0000000100000000)
  region size 1024K, 104 young (106496K), 12 survivors (12288K)
 Metaspace       used 116772K, committed 118976K, reserved 1179648K
  class space    used 15633K, committed 16704K, reserved 1048576K
}
Event: 17.665 GC heap after
{Heap after GC invocations=44 (full 0):
 garbage-first heap   total 273408K, used 137902K [0x0000000080000000, 0x0000000100000000)
  region size 1024K, 11 young (11264K), 11 survivors (11264K)
 Metaspace       used 116772K, committed 118976K, reserved 1179648K
  class space    used 15633K, committed 16704K, reserved 1048576K
}
Event: 18.709 GC heap before
{Heap before GC invocations=44 (full 0):
 garbage-first heap   total 273408K, used 244398K [0x0000000080000000, 0x0000000100000000)
  region size 1024K, 114 young (116736K), 11 survivors (11264K)
 Metaspace       used 125416K, committed 127616K, reserved 1179648K
  class space    used 16870K, committed 17984K, reserved 1048576K
}

