# JRE version: OpenJDK Runtime Environment (21.0.3) (build 21.0.3+-12282718-b509.11)
# Java VM: OpenJDK 64-Bit Server VM (21.0.3+-12282718-b509.11, mixed mode, tiered, compressed oops, compressed class ptrs, g1 gc, windows-amd64)
GC Precious Log:
 CardTable entry size: 512
 Card Set container configuration: InlinePtr #cards 5 size 8 Array Of Cards #cards 12 size 40 Howl #buckets 4 coarsen threshold 1843 Howl Bitmap #cards 512 size 80 coarsen threshold 460 Card regions per heap region 1 cards per card region 2048
 CPUs: 8 total, 8 available
 Memory: 7834M
 Large Page Support: Disabled
 NUMA Support: Disabled
 Compressed Oops: Enabled (32-bit)
 Heap Region Size: 1M
 Heap Min Capacity: 8M
 Heap Initial Capacity: 124M
 Heap Max Capacity: 2G
 Pre-touch: Disabled
 Parallel Workers: 8
 Concurrent Workers: 2
 Concurrent Refinement Workers: 8
 Periodic GC: Disabled
Heap:
 garbage-first heap   total 342016K, used 199614K [0x0000000080000000, 0x0000000100000000)
  region size 1024K, 16 young (16384K), 16 survivors (16384K)
 Metaspace       used 113992K, committed 116160K, reserved 1179648K
  class space    used 16090K, committed 17152K, reserved 1048576K
GC Heap History (20 events):
Event: 12.636 GC heap after
{Heap after GC invocations=36 (full 0):
 garbage-first heap   total 191488K, used 98893K [0x0000000080000000, 0x0000000100000000)
  region size 1024K, 7 young (7168K), 7 survivors (7168K)
 Metaspace       used 99498K, committed 101568K, reserved 1179648K
  class space    used 13773K, committed 14848K, reserved 1048576K
}
Event: 12.881 GC heap before
{Heap before GC invocations=36 (full 0):
 garbage-first heap   total 191488K, used 172621K [0x0000000080000000, 0x0000000100000000)
  region size 1024K, 80 young (81920K), 7 survivors (7168K)
 Metaspace       used 99629K, committed 101760K, reserved 1179648K
  class space    used 13787K, committed 14848K, reserved 1048576K
}
Event: 12.887 GC heap after
{Heap after GC invocations=37 (full 0):
 garbage-first heap   total 191488K, used 101806K [0x0000000080000000, 0x0000000100000000)
  region size 1024K, 6 young (6144K), 6 survivors (6144K)
 Metaspace       used 99629K, committed 101760K, reserved 1179648K
  class space    used 13787K, committed 14848K, reserved 1048576K
}
Event: 13.172 GC heap before
{Heap before GC invocations=38 (full 0):
 garbage-first heap   total 222208K, used 171438K [0x0000000080000000, 0x0000000100000000)
  region size 1024K, 75 young (76800K), 6 survivors (6144K)
 Metaspace       used 100024K, committed 102144K, reserved 1179648K
  class space    used 13840K, committed 14912K, reserved 1048576K
}
Event: 13.178 GC heap after
{Heap after GC invocations=39 (full 0):
 garbage-first heap   total 222208K, used 103528K [0x0000000080000000, 0x0000000100000000)
  region size 1024K, 8 young (8192K), 8 survivors (8192K)
 Metaspace       used 100024K, committed 102144K, reserved 1179648K
  class space    used 13840K, committed 14912K, reserved 1048576K
}
Event: 13.492 GC heap before
{Heap before GC invocations=39 (full 0):
 garbage-first heap   total 222208K, used 199784K [0x0000000080000000, 0x0000000100000000)
  region size 1024K, 103 young (105472K), 8 survivors (8192K)
 Metaspace       used 100297K, committed 102400K, reserved 1179648K
  class space    used 13888K, committed 14976K, reserved 1048576K
}
Event: 13.500 GC heap after
{Heap after GC invocations=40 (full 0):
 garbage-first heap   total 222208K, used 105252K [0x0000000080000000, 0x0000000100000000)
  region size 1024K, 11 young (11264K), 11 survivors (11264K)
 Metaspace       used 100297K, committed 102400K, reserved 1179648K
  class space    used 13888K, committed 14976K, reserved 1048576K
}
Event: 13.508 GC heap before
{Heap before GC invocations=40 (full 0):
 garbage-first heap   total 222208K, used 106276K [0x0000000080000000, 0x0000000100000000)
  region size 1024K, 13 young (13312K), 11 survivors (11264K)
 Metaspace       used 100340K, committed 102464K, reserved 1179648K
  class space    used 13896K, committed 14976K, reserved 1048576K
}
Event: 13.514 GC heap after
{Heap after GC invocations=41 (full 0):
 garbage-first heap   total 267264K, used 104949K [0x0000000080000000, 0x0000000100000000)
  region size 1024K, 7 young (7168K), 7 survivors (7168K)
 Metaspace       used 100340K, committed 102464K, reserved 1179648K
  class space    used 13896K, committed 14976K, reserved 1048576K
}
Event: 13.516 GC heap before
{Heap before GC invocations=41 (full 0):
 garbage-first heap   total 267264K, used 117237K [0x0000000080000000, 0x0000000100000000)
  region size 1024K, 8 young (8192K), 7 survivors (7168K)
 Metaspace       used 100340K, committed 102464K, reserved 1179648K
  class space    used 13896K, committed 14976K, reserved 1048576K
}
Event: 13.522 GC heap after
{Heap after GC invocations=42 (full 0):
 garbage-first heap   total 267264K, used 117237K [0x0000000080000000, 0x0000000100000000)
  region size 1024K, 7 young (7168K), 7 survivors (7168K)
 Metaspace       used 100340K, committed 102464K, reserved 1179648K
  class space    used 13896K, committed 14976K, reserved 1048576K
}
Event: 13.921 GC heap before
{Heap before GC invocations=43 (full 0):
 garbage-first heap   total 267264K, used 246261K [0x0000000080000000, 0x0000000100000000)
  region size 1024K, 132 young (135168K), 7 survivors (7168K)
 Metaspace       used 101398K, committed 103488K, reserved 1179648K
  class space    used 14035K, committed 15104K, reserved 1048576K
}
Event: 13.934 GC heap after
{Heap after GC invocations=44 (full 0):
 garbage-first heap   total 275456K, used 127436K [0x0000000080000000, 0x0000000100000000)
  region size 1024K, 17 young (17408K), 17 survivors (17408K)
 Metaspace       used 101398K, committed 103488K, reserved 1179648K
  class space    used 14035K, committed 15104K, reserved 1048576K
}
Event: 14.462 GC heap before
{Heap before GC invocations=44 (full 0):
 garbage-first heap   total 275456K, used 237004K [0x0000000080000000, 0x0000000100000000)
  region size 1024K, 125 young (128000K), 17 survivors (17408K)
 Metaspace       used 106164K, committed 108288K, reserved 1179648K
  class space    used 14727K, committed 15808K, reserved 1048576K
}
Event: 14.480 GC heap after
{Heap after GC invocations=45 (full 0):
 garbage-first heap   total 275456K, used 144297K [0x0000000080000000, 0x0000000100000000)
  region size 1024K, 16 young (16384K), 16 survivors (16384K)
 Metaspace       used 106164K, committed 108288K, reserved 1179648K
  class space    used 14727K, committed 15808K, reserved 1048576K
}
Event: 14.862 GC heap before
{Heap before GC invocations=45 (full 0):
 garbage-first heap   total 275456K, used 241577K [0x0000000080000000, 0x0000000100000000)
  region size 1024K, 112 young (114688K), 16 survivors (16384K)
 Metaspace       used 109104K, committed 111232K, reserved 1179648K
  class space    used 15209K, committed 16256K, reserved 1048576K
}
Event: 14.888 GC heap after
{Heap after GC invocations=46 (full 0):
 garbage-first heap   total 276480K, used 161677K [0x0000000080000000, 0x0000000100000000)
  region size 1024K, 14 young (14336K), 14 survivors (14336K)
 Metaspace       used 109104K, committed 111232K, reserved 1179648K
  class space    used 15209K, committed 16256K, reserved 1048576K
}
Event: 15.237 GC heap before
{Heap before GC invocations=47 (full 0):
 garbage-first heap   total 342016K, used 242573K [0x0000000080000000, 0x0000000100000000)
  region size 1024K, 94 young (96256K), 14 survivors (14336K)
 Metaspace       used 111754K, committed 113920K, reserved 1179648K
  class space    used 15695K, committed 16768K, reserved 1048576K
}
Event: 15.257 GC heap after
{Heap after GC invocations=48 (full 0):
 garbage-first heap   total 342016K, used 179200K [0x0000000080000000, 0x0000000100000000)
  region size 1024K, 12 young (12288K), 12 survivors (12288K)
 Metaspace       used 111754K, committed 113920K, reserved 1179648K
  class space    used 15695K, committed 16768K, reserved 1048576K
}
Event: 15.500 GC heap before
{Heap before GC invocations=48 (full 0):
 garbage-first heap   total 342016K, used 291840K [0x0000000080000000, 0x0000000100000000)
  region size 1024K, 123 young (125952K), 12 survivors (12288K)
 Metaspace       used 113992K, committed 116160K, reserved 1179648K
  class space    used 16090K, committed 17152K, reserved 1048576K
}

