# JRE version: OpenJDK Runtime Environment (21.0.3) (build 21.0.3+-12282718-b509.11)
# Java VM: OpenJDK 64-Bit Server VM (21.0.3+-12282718-b509.11, mixed mode, tiered, compressed oops, compressed class ptrs, g1 gc, windows-amd64)
GC Precious Log:
 CardTable entry size: 512
 Card Set container configuration: InlinePtr #cards 5 size 8 Array Of Cards #cards 12 size 40 Howl #buckets 4 coarsen threshold 1843 Howl Bitmap #cards 512 size 80 coarsen threshold 460 Card regions per heap region 1 cards per card region 2048
 CPUs: 8 total, 8 available
 Memory: 7834M
 Large Page Support: Disabled
 NUMA Support: Disabled
 Compressed Oops: Enabled (32-bit)
 Heap Region Size: 1M
 Heap Min Capacity: 8M
 Heap Initial Capacity: 124M
 Heap Max Capacity: 2G
 Pre-touch: Disabled
 Parallel Workers: 8
 Concurrent Workers: 2
 Concurrent Refinement Workers: 8
 Periodic GC: Disabled
Heap:
 garbage-first heap   total 423936K, used 246755K [0x0000000080000000, 0x0000000100000000)
  region size 1024K, 60 young (61440K), 5 survivors (5120K)
 Metaspace       used 178469K, committed 180352K, reserved 1245184K
  class space    used 22905K, committed 23808K, reserved 1048576K
GC Heap History (20 events):
Event: 9133.355 GC heap before
{Heap before GC invocations=166 (full 0):
 garbage-first heap   total 397312K, used 388759K [0x0000000080000000, 0x0000000100000000)
  region size 1024K, 166 young (169984K), 14 survivors (14336K)
 Metaspace       used 176348K, committed 178176K, reserved 1245184K
  class space    used 22731K, committed 23616K, reserved 1048576K
}
Event: 9133.368 GC heap after
{Heap after GC invocations=167 (full 0):
 garbage-first heap   total 409600K, used 209801K [0x0000000080000000, 0x0000000100000000)
  region size 1024K, 16 young (16384K), 16 survivors (16384K)
 Metaspace       used 176348K, committed 178176K, reserved 1245184K
  class space    used 22731K, committed 23616K, reserved 1048576K
}
Event: 9134.638 GC heap before
{Heap before GC invocations=167 (full 0):
 garbage-first heap   total 409600K, used 378761K [0x0000000080000000, 0x0000000100000000)
  region size 1024K, 174 young (178176K), 16 survivors (16384K)
 Metaspace       used 177581K, committed 179456K, reserved 1245184K
  class space    used 22859K, committed 23744K, reserved 1048576K
}
Event: 9134.654 GC heap after
{Heap after GC invocations=168 (full 0):
 garbage-first heap   total 410624K, used 212062K [0x0000000080000000, 0x0000000100000000)
  region size 1024K, 16 young (16384K), 16 survivors (16384K)
 Metaspace       used 177581K, committed 179456K, reserved 1245184K
  class space    used 22859K, committed 23744K, reserved 1048576K
}
Event: 9134.841 GC heap before
{Heap before GC invocations=168 (full 0):
 garbage-first heap   total 410624K, used 266334K [0x0000000080000000, 0x0000000100000000)
  region size 1024K, 71 young (72704K), 16 survivors (16384K)
 Metaspace       used 177680K, committed 179584K, reserved 1245184K
  class space    used 22867K, committed 23808K, reserved 1048576K
}
Event: 9134.848 GC heap after
{Heap after GC invocations=169 (full 0):
 garbage-first heap   total 410624K, used 207135K [0x0000000080000000, 0x0000000100000000)
  region size 1024K, 8 young (8192K), 8 survivors (8192K)
 Metaspace       used 177680K, committed 179584K, reserved 1245184K
  class space    used 22867K, committed 23808K, reserved 1048576K
}
Event: 9174.659 GC heap before
{Heap before GC invocations=170 (full 0):
 garbage-first heap   total 410624K, used 396575K [0x0000000080000000, 0x0000000100000000)
  region size 1024K, 162 young (165888K), 8 survivors (8192K)
 Metaspace       used 178079K, committed 179968K, reserved 1245184K
  class space    used 22902K, committed 23808K, reserved 1048576K
}
Event: 9174.671 GC heap after
{Heap after GC invocations=171 (full 0):
 garbage-first heap   total 418816K, used 222871K [0x0000000080000000, 0x0000000100000000)
  region size 1024K, 20 young (20480K), 20 survivors (20480K)
 Metaspace       used 178079K, committed 179968K, reserved 1245184K
  class space    used 22902K, committed 23808K, reserved 1048576K
}
Event: 9304.210 GC heap before
{Heap before GC invocations=171 (full 0):
 garbage-first heap   total 418816K, used 389783K [0x0000000080000000, 0x0000000100000000)
  region size 1024K, 164 young (167936K), 20 survivors (20480K)
 Metaspace       used 178155K, committed 180032K, reserved 1245184K
  class space    used 22902K, committed 23808K, reserved 1048576K
}
Event: 9304.228 GC heap after
{Heap after GC invocations=172 (full 0):
 garbage-first heap   total 418816K, used 205750K [0x0000000080000000, 0x0000000100000000)
  region size 1024K, 12 young (12288K), 12 survivors (12288K)
 Metaspace       used 178155K, committed 180032K, reserved 1245184K
  class space    used 22902K, committed 23808K, reserved 1048576K
}
Event: 9304.357 GC heap before
{Heap before GC invocations=172 (full 0):
 garbage-first heap   total 418816K, used 233398K [0x0000000080000000, 0x0000000100000000)
  region size 1024K, 41 young (41984K), 12 survivors (12288K)
 Metaspace       used 178159K, committed 180032K, reserved 1245184K
  class space    used 22902K, committed 23808K, reserved 1048576K
}
Event: 9304.366 GC heap after
{Heap after GC invocations=173 (full 0):
 garbage-first heap   total 418816K, used 207939K [0x0000000080000000, 0x0000000100000000)
  region size 1024K, 14 young (14336K), 14 survivors (14336K)
 Metaspace       used 178159K, committed 180032K, reserved 1245184K
  class space    used 22902K, committed 23808K, reserved 1048576K
}
Event: 9569.960 GC heap before
{Heap before GC invocations=174 (full 0):
 garbage-first heap   total 418816K, used 399427K [0x0000000080000000, 0x0000000100000000)
  region size 1024K, 178 young (182272K), 14 survivors (14336K)
 Metaspace       used 177901K, committed 179776K, reserved 1245184K
  class space    used 22883K, committed 23808K, reserved 1048576K
}
Event: 9569.985 GC heap after
{Heap after GC invocations=175 (full 0):
 garbage-first heap   total 418816K, used 206991K [0x0000000080000000, 0x0000000100000000)
  region size 1024K, 12 young (12288K), 12 survivors (12288K)
 Metaspace       used 177901K, committed 179776K, reserved 1245184K
  class space    used 22883K, committed 23808K, reserved 1048576K
}
Event: 9573.127 GC heap before
{Heap before GC invocations=175 (full 0):
 garbage-first heap   total 418816K, used 382095K [0x0000000080000000, 0x0000000100000000)
  region size 1024K, 178 young (182272K), 12 survivors (12288K)
 Metaspace       used 178335K, committed 180224K, reserved 1245184K
  class space    used 22904K, committed 23808K, reserved 1048576K
}
Event: 9573.146 GC heap after
{Heap after GC invocations=176 (full 0):
 garbage-first heap   total 418816K, used 199152K [0x0000000080000000, 0x0000000100000000)
  region size 1024K, 17 young (17408K), 17 survivors (17408K)
 Metaspace       used 178335K, committed 180224K, reserved 1245184K
  class space    used 22904K, committed 23808K, reserved 1048576K
}
Event: 9573.253 GC heap before
{Heap before GC invocations=176 (full 0):
 garbage-first heap   total 418816K, used 207344K [0x0000000080000000, 0x0000000100000000)
  region size 1024K, 27 young (27648K), 17 survivors (17408K)
 Metaspace       used 178336K, committed 180224K, reserved 1245184K
  class space    used 22904K, committed 23808K, reserved 1048576K
}
Event: 9573.267 GC heap after
{Heap after GC invocations=177 (full 0):
 garbage-first heap   total 418816K, used 196967K [0x0000000080000000, 0x0000000100000000)
  region size 1024K, 8 young (8192K), 8 survivors (8192K)
 Metaspace       used 178336K, committed 180224K, reserved 1245184K
  class space    used 22904K, committed 23808K, reserved 1048576K
}
Event: 9662.373 GC heap before
{Heap before GC invocations=178 (full 0):
 garbage-first heap   total 418816K, used 417127K [0x0000000080000000, 0x0000000100000000)
  region size 1024K, 186 young (190464K), 8 survivors (8192K)
 Metaspace       used 178454K, committed 180352K, reserved 1245184K
  class space    used 22904K, committed 23808K, reserved 1048576K
}
Event: 9663.395 GC heap after
{Heap after GC invocations=179 (full 0):
 garbage-first heap   total 423936K, used 192483K [0x0000000080000000, 0x0000000100000000)
  region size 1024K, 5 young (5120K), 5 survivors (5120K)
 Metaspace       used 178454K, committed 180352K, reserved 1245184K
  class space    used 22904K, committed 23808K, reserved 1048576K
}

