# JRE version: OpenJDK Runtime Environment (21.0.3) (build 21.0.3+-12282718-b509.11)
# Java VM: OpenJDK 64-Bit Server VM (21.0.3+-12282718-b509.11, mixed mode, tiered, compressed oops, compressed class ptrs, g1 gc, windows-amd64)
GC Precious Log:
 CardTable entry size: 512
 Card Set container configuration: InlinePtr #cards 5 size 8 Array Of Cards #cards 12 size 40 Howl #buckets 4 coarsen threshold 1843 Howl Bitmap #cards 512 size 80 coarsen threshold 460 Card regions per heap region 1 cards per card region 2048
 CPUs: 8 total, 8 available
 Memory: 7834M
 Large Page Support: Disabled
 NUMA Support: Disabled
 Compressed Oops: Enabled (32-bit)
 Heap Region Size: 1M
 Heap Min Capacity: 8M
 Heap Initial Capacity: 124M
 Heap Max Capacity: 2G
 Pre-touch: Disabled
 Parallel Workers: 8
 Concurrent Workers: 2
 Concurrent Refinement Workers: 8
 Periodic GC: Disabled
Heap:
 garbage-first heap   total 432128K, used 302973K [0x0000000080000000, 0x0000000100000000)
  region size 1024K, 115 young (117760K), 10 survivors (10240K)
 Metaspace       used 132841K, committed 134976K, reserved 1179648K
  class space    used 17992K, committed 19072K, reserved 1048576K
GC Heap History (20 events):
Event: 28.155 GC heap before
{Heap before GC invocations=47 (full 0):
 garbage-first heap   total 227328K, used 207405K [0x0000000080000000, 0x0000000100000000)
  region size 1024K, 99 young (101376K), 6 survivors (6144K)
 Metaspace       used 117729K, committed 119808K, reserved 1179648K
  class space    used 16009K, committed 17024K, reserved 1048576K
}
Event: 28.166 GC heap after
{Heap after GC invocations=48 (full 0):
 garbage-first heap   total 227328K, used 116525K [0x0000000080000000, 0x0000000100000000)
  region size 1024K, 9 young (9216K), 9 survivors (9216K)
 Metaspace       used 117729K, committed 119808K, reserved 1179648K
  class space    used 16009K, committed 17024K, reserved 1048576K
}
Event: 29.744 GC heap before
{Heap before GC invocations=48 (full 0):
 garbage-first heap   total 227328K, used 203565K [0x0000000080000000, 0x0000000100000000)
  region size 1024K, 95 young (97280K), 9 survivors (9216K)
 Metaspace       used 123240K, committed 125312K, reserved 1179648K
  class space    used 16777K, committed 17792K, reserved 1048576K
}
Event: 29.762 GC heap after
{Heap after GC invocations=49 (full 0):
 garbage-first heap   total 227328K, used 120744K [0x0000000080000000, 0x0000000100000000)
  region size 1024K, 9 young (9216K), 9 survivors (9216K)
 Metaspace       used 123240K, committed 125312K, reserved 1179648K
  class space    used 16777K, committed 17792K, reserved 1048576K
}
Event: 30.602 GC heap before
{Heap before GC invocations=49 (full 0):
 garbage-first heap   total 227328K, used 204712K [0x0000000080000000, 0x0000000100000000)
  region size 1024K, 92 young (94208K), 9 survivors (9216K)
 Metaspace       used 126335K, committed 128448K, reserved 1179648K
  class space    used 17212K, committed 18240K, reserved 1048576K
}
Event: 30.613 GC heap after
{Heap after GC invocations=50 (full 0):
 garbage-first heap   total 227328K, used 124374K [0x0000000080000000, 0x0000000100000000)
  region size 1024K, 10 young (10240K), 10 survivors (10240K)
 Metaspace       used 126335K, committed 128448K, reserved 1179648K
  class space    used 17212K, committed 18240K, reserved 1048576K
}
Event: 31.268 GC heap before
{Heap before GC invocations=51 (full 0):
 garbage-first heap   total 247808K, used 221654K [0x0000000080000000, 0x0000000100000000)
  region size 1024K, 87 young (89088K), 10 survivors (10240K)
 Metaspace       used 129060K, committed 131136K, reserved 1179648K
  class space    used 17666K, committed 18688K, reserved 1048576K
}
Event: 31.286 GC heap after
{Heap after GC invocations=52 (full 0):
 garbage-first heap   total 247808K, used 138695K [0x0000000080000000, 0x0000000100000000)
  region size 1024K, 11 young (11264K), 11 survivors (11264K)
 Metaspace       used 129060K, committed 131136K, reserved 1179648K
  class space    used 17666K, committed 18688K, reserved 1048576K
}
Event: 32.130 GC heap before
{Heap before GC invocations=52 (full 0):
 garbage-first heap   total 247808K, used 221639K [0x0000000080000000, 0x0000000100000000)
  region size 1024K, 93 young (95232K), 11 survivors (11264K)
 Metaspace       used 130920K, committed 133056K, reserved 1179648K
  class space    used 17881K, committed 18944K, reserved 1048576K
}
Event: 32.149 GC heap after
{Heap after GC invocations=53 (full 0):
 garbage-first heap   total 247808K, used 144371K [0x0000000080000000, 0x0000000100000000)
  region size 1024K, 6 young (6144K), 6 survivors (6144K)
 Metaspace       used 130920K, committed 133056K, reserved 1179648K
  class space    used 17881K, committed 18944K, reserved 1048576K
}
Event: 33.135 GC heap before
{Heap before GC invocations=53 (full 0):
 garbage-first heap   total 247808K, used 228339K [0x0000000080000000, 0x0000000100000000)
  region size 1024K, 88 young (90112K), 6 survivors (6144K)
 Metaspace       used 131462K, committed 133568K, reserved 1179648K
  class space    used 17915K, committed 18944K, reserved 1048576K
}
Event: 33.154 GC heap after
{Heap after GC invocations=54 (full 0):
 garbage-first heap   total 297984K, used 157182K [0x0000000080000000, 0x0000000100000000)
  region size 1024K, 11 young (11264K), 11 survivors (11264K)
 Metaspace       used 131462K, committed 133568K, reserved 1179648K
  class space    used 17915K, committed 18944K, reserved 1048576K
}
Event: 33.758 GC heap before
{Heap before GC invocations=55 (full 0):
 garbage-first heap   total 302080K, used 267774K [0x0000000080000000, 0x0000000100000000)
  region size 1024K, 120 young (122880K), 11 survivors (11264K)
 Metaspace       used 131864K, committed 133952K, reserved 1179648K
  class space    used 17923K, committed 18944K, reserved 1048576K
}
Event: 33.781 GC heap after
{Heap after GC invocations=56 (full 0):
 garbage-first heap   total 302080K, used 170542K [0x0000000080000000, 0x0000000100000000)
  region size 1024K, 15 young (15360K), 15 survivors (15360K)
 Metaspace       used 131864K, committed 133952K, reserved 1179648K
  class space    used 17923K, committed 18944K, reserved 1048576K
}
Event: 34.364 GC heap before
{Heap before GC invocations=56 (full 0):
 garbage-first heap   total 302080K, used 269870K [0x0000000080000000, 0x0000000100000000)
  region size 1024K, 112 young (114688K), 15 survivors (15360K)
 Metaspace       used 132325K, committed 134400K, reserved 1179648K
  class space    used 17951K, committed 19008K, reserved 1048576K
}
Event: 34.387 GC heap after
{Heap after GC invocations=57 (full 0):
 garbage-first heap   total 302080K, used 178480K [0x0000000080000000, 0x0000000100000000)
  region size 1024K, 9 young (9216K), 9 survivors (9216K)
 Metaspace       used 132325K, committed 134400K, reserved 1179648K
  class space    used 17951K, committed 19008K, reserved 1048576K
}
Event: 34.691 GC heap before
{Heap before GC invocations=57 (full 0):
 garbage-first heap   total 302080K, used 273712K [0x0000000080000000, 0x0000000100000000)
  region size 1024K, 103 young (105472K), 9 survivors (9216K)
 Metaspace       used 132621K, committed 134784K, reserved 1179648K
  class space    used 17986K, committed 19072K, reserved 1048576K
}
Event: 34.705 GC heap after
{Heap after GC invocations=58 (full 0):
 garbage-first heap   total 302080K, used 188797K [0x0000000080000000, 0x0000000100000000)
  region size 1024K, 11 young (11264K), 11 survivors (11264K)
 Metaspace       used 132621K, committed 134784K, reserved 1179648K
  class space    used 17986K, committed 19072K, reserved 1048576K
}
Event: 35.022 GC heap before
{Heap before GC invocations=58 (full 0):
 garbage-first heap   total 432128K, used 266621K [0x0000000080000000, 0x0000000100000000)
  region size 1024K, 88 young (90112K), 11 survivors (11264K)
 Metaspace       used 132745K, committed 134912K, reserved 1179648K
  class space    used 17988K, committed 19072K, reserved 1048576K
}
Event: 35.036 GC heap after
{Heap after GC invocations=59 (full 0):
 garbage-first heap   total 432128K, used 197501K [0x0000000080000000, 0x0000000100000000)
  region size 1024K, 10 young (10240K), 10 survivors (10240K)
 Metaspace       used 132745K, committed 134912K, reserved 1179648K
  class space    used 17988K, committed 19072K, reserved 1048576K
}

